<?xml version="1.0" encoding="UTF-8"?>
<testsuite xmlns:xsi="http://www.w3.org/2001/XMLSchema-instance" xsi:noNamespaceSchemaLocation="https://maven.apache.org/surefire/maven-surefire-plugin/xsd/surefire-test-report.xsd" name="LayerDependencyTest" time="0.741" tests="3" errors="0" skipped="0" failures="0">
  <properties>
[...]
</properties>
  <testcase name="layered" classname="com.example.app.architecture.LayerDependencyTest" time="0.739"/>
  <testcase name="controllerMustNotUseMapper" classname="com.example.app.architecture.LayerDependencyTest" time="0.001"/>
  <testcase name="noFieldInjection" classname="com.example.app.architecture.LayerDependencyTest" time="0"/>
</testsuite>